
Showing logs for build [32mcb-kubecd-environment-pr-205-10-z4npz-1[0m stage [32mfrom-build-pack[0m and container [32mstep-credential-initializer-5r87g[0m
{"level":"info","ts":1587373271.6448064,"logger":"fallback-logger","caller":"logging/config.go:69","msg":"Fetch GitHub commit ID from kodata failed: open /var/run/ko/refs/heads/0.8.0-ns-support: no such file or directory"}
{"level":"info","ts":1587373271.6454656,"logger":"fallback-logger","caller":"creds-init/main.go:40","msg":"Credentials initialized."}

Showing logs for build [32mcb-kubecd-environment-pr-205-10-z4npz-1[0m stage [32mfrom-build-pack[0m and container [32mstep-working-dir-initializer-xz8b7[0m
{"level":"info","ts":1587373272.1058447,"logger":"fallback-logger","caller":"logging/config.go:69","msg":"Fetch GitHub commit ID from kodata failed: open /var/run/ko/HEAD: no such file or directory"}
{"level":"info","ts":1587373272.1133385,"logger":"fallback-logger","caller":"bash/main.go:64","msg":"Successfully executed command \"sh -c mkdir -p /workspace/source\"; output "}

Showing logs for build [32mcb-kubecd-environment-pr-205-10-z4npz-1[0m stage [32mfrom-build-pack[0m and container [32mstep-place-tools[0m

Showing logs for build [32mcb-kubecd-environment-pr-205-10-z4npz-1[0m stage [32mfrom-build-pack[0m and container [32mstep-git-source-cb-kubecd-environment-pr-205-10-z4npz-cgv5r[0m
{"level":"info","ts":1587373278.3867612,"logger":"fallback-logger","caller":"logging/config.go:69","msg":"Fetch GitHub commit ID from kodata failed: open /var/run/ko/refs/heads/0.8.0-ns-support: no such file or directory"}
{"level":"info","ts":1587373279.5001798,"logger":"fallback-logger","caller":"git/git.go:103","msg":"Successfully cloned https://github.com/cb-kubecd/environment-pr-205-109-boot-gke-staging.git @ master in path /workspace/source"}

Showing logs for build [32mcb-kubecd-environment-pr-205-10-z4npz-1[0m stage [32mfrom-build-pack[0m and container [32mstep-git-merge[0m
Using SHAs from PULL_REFS=master:407fc336c32aadc3bfbcaa22253697d16f3d92c2,3:134bf99b2930acf6cd9d0392a3f3c9d782a99d41
DEBUG: LC_ALL=C JX_LOG_LEVEL=error git fetch origin --unshallow 134bf99b2930acf6cd9d0392a3f3c9d782a99d41: 407fc336c32aadc3bfbcaa22253697d16f3d92c2:
DEBUG: ran git fetch --unshallow origin 134bf99b2930acf6cd9d0392a3f3c9d782a99d41: 407fc336c32aadc3bfbcaa22253697d16f3d92c2: in 
DEBUG: LC_ALL=C JX_LOG_LEVEL=error git branch
DEBUG: LC_ALL=C JX_LOG_LEVEL=error git checkout master
DEBUG: ran git checkout master in 
DEBUG: LC_ALL=C JX_LOG_LEVEL=error git reset --hard 407fc336c32aadc3bfbcaa22253697d16f3d92c2
DEBUG: ran git reset --hard 407fc336c32aadc3bfbcaa22253697d16f3d92c2 in 
DEBUG: LC_ALL=C JX_LOG_LEVEL=error git clean -fd .
DEBUG: ran clean --force -d . in 
DEBUG: LC_ALL=C JX_LOG_LEVEL=error git merge 134bf99b2930acf6cd9d0392a3f3c9d782a99d41
DEBUG: ran git merge 134bf99b2930acf6cd9d0392a3f3c9d782a99d41 in 
DEBUG: JX_LOG_LEVEL=error LC_ALL=C git log --format=%H%x1f%an%x1f%ae%x1f%cn%x1f%ce%x1f%s%n%b%x1e 407fc336c32aadc3bfbcaa22253697d16f3d92c2..HEAD
Merged SHA 134bf99b2930acf6cd9d0392a3f3c9d782a99d41 with commit message 'chore: Promote bdd-gh-1587372143 to version 0.0.1' into base branch master

Showing logs for build [32mcb-kubecd-environment-pr-205-10-z4npz-1[0m stage [32mfrom-build-pack[0m and container [32mstep-build-helm-build[0m
WARNING: No $CHART_REPOSITORY defined so using the default value of: http://jenkins-x-chartmuseum:8080
Adding missing Helm repo: storage.googleapis.com https://storage.googleapis.com/chartmuseum.jenkins-x.io
WARNING: No secrets found on "helm/repos" due: reading the secret "helm/repos" from vault: no secret "helm/repos" not found in vault
Read credentials for https://storage.googleapis.com/chartmuseum.jenkins-x.io from vault helm/repos
Successfully added Helm repository storage.googleapis.com.
Adding missing Helm repo: jenkins-x-chartmuseum http://jenkins-x-chartmuseum:8080
WARNING: No secrets found on "helm/repos" due: reading the secret "helm/repos" from vault: no secret "helm/repos" not found in vault
Read credentials for http://jenkins-x-chartmuseum:8080 from vault helm/repos
Successfully added Helm repository jenkins-x-chartmuseum.
WARNING: No $CHART_REPOSITORY defined so using the default value of: http://jenkins-x-chartmuseum:8080
Adding missing Helm repo: chartmuseum.jenkins-x.io http://chartmuseum.jenkins-x.io
WARNING: No secrets found on "helm/repos" due: reading the secret "helm/repos" from vault: no secret "helm/repos" not found in vault
Read credentials for http://chartmuseum.jenkins-x.io from vault helm/repos
Successfully added Helm repository chartmuseum.jenkins-x.io.
