
Showing logs for build [32mcb-kubecd-environment-pr-205-10-qsrqd-1[0m stage [32mfrom-build-pack[0m and container [32mstep-credential-initializer-txf7k[0m
{"level":"info","ts":1587371362.6152902,"logger":"fallback-logger","caller":"logging/config.go:69","msg":"Fetch GitHub commit ID from kodata failed: open /var/run/ko/refs/heads/0.8.0-ns-support: no such file or directory"}
{"level":"info","ts":1587371362.616122,"logger":"fallback-logger","caller":"creds-init/main.go:40","msg":"Credentials initialized."}

Showing logs for build [32mcb-kubecd-environment-pr-205-10-qsrqd-1[0m stage [32mfrom-build-pack[0m and container [32mstep-working-dir-initializer-n7wgw[0m
{"level":"info","ts":1587371363.6115043,"logger":"fallback-logger","caller":"logging/config.go:69","msg":"Fetch GitHub commit ID from kodata failed: open /var/run/ko/HEAD: no such file or directory"}
{"level":"info","ts":1587371363.6132095,"logger":"fallback-logger","caller":"bash/main.go:64","msg":"Successfully executed command \"sh -c mkdir -p /workspace/source\"; output "}

Showing logs for build [32mcb-kubecd-environment-pr-205-10-qsrqd-1[0m stage [32mfrom-build-pack[0m and container [32mstep-place-tools[0m

Showing logs for build [32mcb-kubecd-environment-pr-205-10-qsrqd-1[0m stage [32mfrom-build-pack[0m and container [32mstep-git-source-cb-kubecd-environment-pr-205-10-qsrqd-xclqx[0m
{"level":"info","ts":1587371390.7076302,"logger":"fallback-logger","caller":"logging/config.go:69","msg":"Fetch GitHub commit ID from kodata failed: open /var/run/ko/refs/heads/0.8.0-ns-support: no such file or directory"}
{"level":"info","ts":1587371391.7939312,"logger":"fallback-logger","caller":"git/git.go:103","msg":"Successfully cloned https://github.com/cb-kubecd/environment-pr-205-109-boot-gke-staging.git @ master in path /workspace/source"}

Showing logs for build [32mcb-kubecd-environment-pr-205-10-qsrqd-1[0m stage [32mfrom-build-pack[0m and container [32mstep-git-merge[0m
Using SHAs from PULL_REFS=master:aa178336c08a3605f2f3b9158b72be70292f124c,1:1650087ad1c10499bf017a6e4ac63066b5d9fc4d
DEBUG: LC_ALL=C JX_LOG_LEVEL=error git fetch origin --unshallow 1650087ad1c10499bf017a6e4ac63066b5d9fc4d: aa178336c08a3605f2f3b9158b72be70292f124c:
DEBUG: ran git fetch --unshallow origin 1650087ad1c10499bf017a6e4ac63066b5d9fc4d: aa178336c08a3605f2f3b9158b72be70292f124c: in 
DEBUG: LC_ALL=C JX_LOG_LEVEL=error git branch
DEBUG: LC_ALL=C JX_LOG_LEVEL=error git checkout master
DEBUG: ran git checkout master in 
DEBUG: LC_ALL=C JX_LOG_LEVEL=error git reset --hard aa178336c08a3605f2f3b9158b72be70292f124c
DEBUG: ran git reset --hard aa178336c08a3605f2f3b9158b72be70292f124c in 
DEBUG: LC_ALL=C JX_LOG_LEVEL=error git clean -fd .
DEBUG: ran clean --force -d . in 
DEBUG: LC_ALL=C JX_LOG_LEVEL=error git merge 1650087ad1c10499bf017a6e4ac63066b5d9fc4d
DEBUG: ran git merge 1650087ad1c10499bf017a6e4ac63066b5d9fc4d in 
DEBUG: LC_ALL=C JX_LOG_LEVEL=error git log --format=%H%x1f%an%x1f%ae%x1f%cn%x1f%ce%x1f%s%n%b%x1e aa178336c08a3605f2f3b9158b72be70292f124c..HEAD
Merged SHA 1650087ad1c10499bf017a6e4ac63066b5d9fc4d with commit message 'chore: Promote bdd-spring-1587371034 to version 0.0.1' into base branch master

Showing logs for build [32mcb-kubecd-environment-pr-205-10-qsrqd-1[0m stage [32mfrom-build-pack[0m and container [32mstep-build-helm-build[0m
WARNING: No $CHART_REPOSITORY defined so using the default value of: http://jenkins-x-chartmuseum:8080
Adding missing Helm repo: storage.googleapis.com https://storage.googleapis.com/chartmuseum.jenkins-x.io
WARNING: No secrets found on "helm/repos" due: reading the secret "helm/repos" from vault: no secret "helm/repos" not found in vault
Read credentials for https://storage.googleapis.com/chartmuseum.jenkins-x.io from vault helm/repos
Successfully added Helm repository storage.googleapis.com.
Adding missing Helm repo: jenkins-x-chartmuseum http://jenkins-x-chartmuseum:8080
WARNING: No secrets found on "helm/repos" due: reading the secret "helm/repos" from vault: no secret "helm/repos" not found in vault
Read credentials for http://jenkins-x-chartmuseum:8080 from vault helm/repos
Successfully added Helm repository jenkins-x-chartmuseum.
WARNING: No $CHART_REPOSITORY defined so using the default value of: http://jenkins-x-chartmuseum:8080
Adding missing Helm repo: chartmuseum.jenkins-x.io http://chartmuseum.jenkins-x.io
WARNING: No secrets found on "helm/repos" due: reading the secret "helm/repos" from vault: no secret "helm/repos" not found in vault
Read credentials for http://chartmuseum.jenkins-x.io from vault helm/repos
Successfully added Helm repository chartmuseum.jenkins-x.io.
