
Showing logs for build [32mcb-kubecd-environment-pr-205-10-r5ttv-1[0m stage [32mfrom-build-pack[0m and container [32mstep-credential-initializer-8xvc9[0m
{"level":"info","ts":1587373892.8942974,"logger":"fallback-logger","caller":"logging/config.go:69","msg":"Fetch GitHub commit ID from kodata failed: open /var/run/ko/refs/heads/0.8.0-ns-support: no such file or directory"}
{"level":"info","ts":1587373892.894919,"logger":"fallback-logger","caller":"creds-init/main.go:40","msg":"Credentials initialized."}

Showing logs for build [32mcb-kubecd-environment-pr-205-10-r5ttv-1[0m stage [32mfrom-build-pack[0m and container [32mstep-working-dir-initializer-dwc5b[0m
{"level":"info","ts":1587373893.8118742,"logger":"fallback-logger","caller":"logging/config.go:69","msg":"Fetch GitHub commit ID from kodata failed: open /var/run/ko/HEAD: no such file or directory"}
{"level":"info","ts":1587373893.8134453,"logger":"fallback-logger","caller":"bash/main.go:64","msg":"Successfully executed command \"sh -c mkdir -p /workspace/source\"; output "}

Showing logs for build [32mcb-kubecd-environment-pr-205-10-r5ttv-1[0m stage [32mfrom-build-pack[0m and container [32mstep-place-tools[0m

Showing logs for build [32mcb-kubecd-environment-pr-205-10-r5ttv-1[0m stage [32mfrom-build-pack[0m and container [32mstep-git-source-cb-kubecd-environment-pr-205-10-r5ttv-9pl99[0m
{"level":"info","ts":1587373896.9282005,"logger":"fallback-logger","caller":"logging/config.go:69","msg":"Fetch GitHub commit ID from kodata failed: open /var/run/ko/refs/heads/0.8.0-ns-support: no such file or directory"}
{"level":"info","ts":1587373898.027933,"logger":"fallback-logger","caller":"git/git.go:103","msg":"Successfully cloned https://github.com/cb-kubecd/environment-pr-205-109-boot-gke-staging.git @ master in path /workspace/source"}

Showing logs for build [32mcb-kubecd-environment-pr-205-10-r5ttv-1[0m stage [32mfrom-build-pack[0m and container [32mstep-git-merge[0m
Using SHAs from PULL_REFS=master:b8dd23482434a7fa8ebb55fa0e310410cb6a82c9,4:f785f501d104ffa87dbe2220b51a48e35a3d0c56
DEBUG: LC_ALL=C JX_LOG_LEVEL=error git fetch origin --unshallow f785f501d104ffa87dbe2220b51a48e35a3d0c56: b8dd23482434a7fa8ebb55fa0e310410cb6a82c9:
DEBUG: ran git fetch --unshallow origin f785f501d104ffa87dbe2220b51a48e35a3d0c56: b8dd23482434a7fa8ebb55fa0e310410cb6a82c9: in 
DEBUG: LC_ALL=C JX_LOG_LEVEL=error git branch
DEBUG: JX_LOG_LEVEL=error LC_ALL=C git checkout master
DEBUG: ran git checkout master in 
DEBUG: LC_ALL=C JX_LOG_LEVEL=error git reset --hard b8dd23482434a7fa8ebb55fa0e310410cb6a82c9
DEBUG: ran git reset --hard b8dd23482434a7fa8ebb55fa0e310410cb6a82c9 in 
DEBUG: LC_ALL=C JX_LOG_LEVEL=error git clean -fd .
DEBUG: ran clean --force -d . in 
DEBUG: LC_ALL=C JX_LOG_LEVEL=error git merge f785f501d104ffa87dbe2220b51a48e35a3d0c56
DEBUG: ran git merge f785f501d104ffa87dbe2220b51a48e35a3d0c56 in 
DEBUG: LC_ALL=C JX_LOG_LEVEL=error git log --format=%H%x1f%an%x1f%ae%x1f%cn%x1f%ce%x1f%s%n%b%x1e b8dd23482434a7fa8ebb55fa0e310410cb6a82c9..HEAD
Merged SHA f785f501d104ffa87dbe2220b51a48e35a3d0c56 with commit message 'chore: Promote bdd-nh-1587372143 to version 0.0.1' into base branch master

Showing logs for build [32mcb-kubecd-environment-pr-205-10-r5ttv-1[0m stage [32mfrom-build-pack[0m and container [32mstep-build-helm-build[0m
WARNING: No $CHART_REPOSITORY defined so using the default value of: http://jenkins-x-chartmuseum:8080
Adding missing Helm repo: storage.googleapis.com https://storage.googleapis.com/chartmuseum.jenkins-x.io
WARNING: No secrets found on "helm/repos" due: reading the secret "helm/repos" from vault: no secret "helm/repos" not found in vault
Read credentials for https://storage.googleapis.com/chartmuseum.jenkins-x.io from vault helm/repos
Successfully added Helm repository storage.googleapis.com.
Adding missing Helm repo: jenkins-x-chartmuseum http://jenkins-x-chartmuseum:8080
WARNING: No secrets found on "helm/repos" due: reading the secret "helm/repos" from vault: no secret "helm/repos" not found in vault
Read credentials for http://jenkins-x-chartmuseum:8080 from vault helm/repos
Successfully added Helm repository jenkins-x-chartmuseum.
WARNING: No $CHART_REPOSITORY defined so using the default value of: http://jenkins-x-chartmuseum:8080
Adding missing Helm repo: chartmuseum.jenkins-x.io http://chartmuseum.jenkins-x.io
WARNING: No secrets found on "helm/repos" due: reading the secret "helm/repos" from vault: no secret "helm/repos" not found in vault
Read credentials for http://chartmuseum.jenkins-x.io from vault helm/repos
Successfully added Helm repository chartmuseum.jenkins-x.io.
