
Showing logs for build [32mcb-kubecd-environment-pr-205-10-tqk7x-2[0m stage [32mfrom-build-pack[0m and container [32mstep-credential-initializer-2hsgd[0m
{"level":"info","ts":1587375586.4045675,"logger":"fallback-logger","caller":"logging/config.go:69","msg":"Fetch GitHub commit ID from kodata failed: open /var/run/ko/refs/heads/0.8.0-ns-support: no such file or directory"}
{"level":"info","ts":1587375586.4050927,"logger":"fallback-logger","caller":"creds-init/main.go:40","msg":"Credentials initialized."}

Showing logs for build [32mcb-kubecd-environment-pr-205-10-tqk7x-2[0m stage [32mfrom-build-pack[0m and container [32mstep-working-dir-initializer-zm45f[0m
{"level":"info","ts":1587375586.9354424,"logger":"fallback-logger","caller":"logging/config.go:69","msg":"Fetch GitHub commit ID from kodata failed: open /var/run/ko/HEAD: no such file or directory"}
{"level":"info","ts":1587375586.937549,"logger":"fallback-logger","caller":"bash/main.go:64","msg":"Successfully executed command \"sh -c mkdir -p /workspace/source\"; output "}

Showing logs for build [32mcb-kubecd-environment-pr-205-10-tqk7x-2[0m stage [32mfrom-build-pack[0m and container [32mstep-place-tools[0m

Showing logs for build [32mcb-kubecd-environment-pr-205-10-tqk7x-2[0m stage [32mfrom-build-pack[0m and container [32mstep-git-source-cb-kubecd-environment-pr-205-10-tqk7x-fmt78[0m
{"level":"info","ts":1587375593.1425817,"logger":"fallback-logger","caller":"logging/config.go:69","msg":"Fetch GitHub commit ID from kodata failed: open /var/run/ko/refs/heads/0.8.0-ns-support: no such file or directory"}
{"level":"info","ts":1587375594.25224,"logger":"fallback-logger","caller":"git/git.go:103","msg":"Successfully cloned https://github.com/cb-kubecd/environment-pr-205-109-boot-gke-staging.git @ master in path /workspace/source"}

Showing logs for build [32mcb-kubecd-environment-pr-205-10-tqk7x-2[0m stage [32mfrom-build-pack[0m and container [32mstep-git-merge[0m
Using SHAs from PULL_REFS=master:e0908c6032e49e2f3f1bee9629ccb96354146f71,7:7d9382c5b9987e72232bd2968c91855db04fa2f5
DEBUG: LC_ALL=C JX_LOG_LEVEL=error git fetch origin --unshallow 7d9382c5b9987e72232bd2968c91855db04fa2f5: e0908c6032e49e2f3f1bee9629ccb96354146f71:
DEBUG: ran git fetch --unshallow origin 7d9382c5b9987e72232bd2968c91855db04fa2f5: e0908c6032e49e2f3f1bee9629ccb96354146f71: in 
DEBUG: LC_ALL=C JX_LOG_LEVEL=error git branch
DEBUG: LC_ALL=C JX_LOG_LEVEL=error git checkout master
DEBUG: ran git checkout master in 
DEBUG: LC_ALL=C JX_LOG_LEVEL=error git reset --hard e0908c6032e49e2f3f1bee9629ccb96354146f71
DEBUG: ran git reset --hard e0908c6032e49e2f3f1bee9629ccb96354146f71 in 
DEBUG: LC_ALL=C JX_LOG_LEVEL=error git clean -fd .
DEBUG: ran clean --force -d . in 
DEBUG: LC_ALL=C JX_LOG_LEVEL=error git merge 7d9382c5b9987e72232bd2968c91855db04fa2f5
DEBUG: ran git merge 7d9382c5b9987e72232bd2968c91855db04fa2f5 in 
DEBUG: JX_LOG_LEVEL=error LC_ALL=C git log --format=%H%x1f%an%x1f%ae%x1f%cn%x1f%ce%x1f%s%n%b%x1e e0908c6032e49e2f3f1bee9629ccb96354146f71..HEAD
Merged SHA 7d9382c5b9987e72232bd2968c91855db04fa2f5 with commit message 'chore: Promote bdd-ghf**y-import-1587374296 to version 0.0.1' into base branch master

Showing logs for build [32mcb-kubecd-environment-pr-205-10-tqk7x-2[0m stage [32mfrom-build-pack[0m and container [32mstep-build-helm-build[0m
WARNING: No $CHART_REPOSITORY defined so using the default value of: http://jenkins-x-chartmuseum:8080
Adding missing Helm repo: storage.googleapis.com https://storage.googleapis.com/chartmuseum.jenkins-x.io
WARNING: No secrets found on "helm/repos" due: reading the secret "helm/repos" from vault: no secret "helm/repos" not found in vault
Read credentials for https://storage.googleapis.com/chartmuseum.jenkins-x.io from vault helm/repos
Successfully added Helm repository storage.googleapis.com.
Adding missing Helm repo: jenkins-x-chartmuseum http://jenkins-x-chartmuseum:8080
WARNING: No secrets found on "helm/repos" due: reading the secret "helm/repos" from vault: no secret "helm/repos" not found in vault
Read credentials for http://jenkins-x-chartmuseum:8080 from vault helm/repos
Successfully added Helm repository jenkins-x-chartmuseum.
WARNING: No $CHART_REPOSITORY defined so using the default value of: http://jenkins-x-chartmuseum:8080
Adding missing Helm repo: chartmuseum.jenkins-x.io http://chartmuseum.jenkins-x.io
WARNING: No secrets found on "helm/repos" due: reading the secret "helm/repos" from vault: no secret "helm/repos" not found in vault
Read credentials for http://chartmuseum.jenkins-x.io from vault helm/repos
Successfully added Helm repository chartmuseum.jenkins-x.io.
